<?xml version="1.0" encoding="UTF-8"?>
<!-- Generated by org.testng.reporters.JUnitReportReporter -->
<testsuite hostname="RAJESH-PC" name="com.mofirs.testng.Login" tests="2" failures="0" timestamp="28 Dec 2017 14:11:23 GMT" time="25.820" errors="0">
  <testcase name="setUrl" time="20.887" classname="com.mofirs.testng.Login"/>
  <testcase name="Loginclick" time="4.933" classname="com.mofirs.testng.Login"/>
</testsuite> <!-- com.mofirs.testng.Login -->
