<?xml version="1.0" encoding="UTF-8"?>
<!-- Generated by org.testng.reporters.JUnitReportReporter -->
<testsuite hostname="RAJESH-PC" name="com.qatools.com.NewTest" tests="3" failures="0" timestamp="21 Aug 2017 15:09:32 GMT" time="0.793" errors="0">
  <testcase name="x" time="0.003" classname="com.qatools.com.NewTest"/>
  <testcase name="f" time="0.789" classname="com.qatools.com.NewTest"/>
  <testcase name="y" time="0.001" classname="com.qatools.com.NewTest"/>
</testsuite> <!-- com.qatools.com.NewTest -->
