<?xml version="1.0" encoding="UTF-8"?>
<!-- Generated by org.testng.reporters.JUnitReportReporter -->
<testsuite hostname="RAJESH-PC" name="SampleWeb.SampleWeb.Framework" tests="3" failures="0" timestamp="29 Oct 2017 18:48:01 GMT" time="0.036" errors="0">
  <testcase name="first" time="0.028" classname="SampleWeb.SampleWeb.Framework"/>
  <testcase name="second" time="0.002" classname="SampleWeb.SampleWeb.Framework"/>
  <testcase name="Third" time="0.006" classname="SampleWeb.SampleWeb.Framework"/>
</testsuite> <!-- SampleWeb.SampleWeb.Framework -->
