<?xml version="1.0" encoding="UTF-8"?>
<!-- Generated by org.testng.reporters.JUnitReportReporter -->
<testsuite hostname="RAJESH-PC" name="SampleWeb.SampleWeb.Framework2" tests="1" failures="0" timestamp="29 Oct 2017 20:10:31 GMT" time="0.008" errors="0">
  <testcase name="Second" time="0.008" classname="SampleWeb.SampleWeb.Framework2"/>
</testsuite> <!-- SampleWeb.SampleWeb.Framework2 -->
