<?xml version="1.0" encoding="UTF-8"?>
<!-- Generated by org.testng.reporters.JUnitReportReporter -->
<testsuite hostname="RAJESH-PC" name="SampleWeb.SampleWeb.IndusOS" tests="1" failures="0" timestamp="21 Aug 2017 11:23:16 GMT" time="0.002" errors="1">
  <testcase name="TestAbout" time="0.002" classname="SampleWeb.SampleWeb.IndusOS">
    <error type="org.openqa.selenium.WebDriverException" message="Failed to connect to binary FirefoxBinary(C:\Program Files (x86)\Mozilla Firefox\firefox.exe) on port 7055; process output follows: 
innable&quot;:true,&quot;size&quot;:8207,&quot;sourceURI&quot;:null,&quot;releaseNotesURI&quot;:null,&quot;softDisabled&quot;:false,&quot;foreignInstall&quot;:false,&quot;hasBinaryComponents&quot;:false,&quot;strictCompatibility&quot;:true,&quot;locales&quot;:[],&quot;targetApplications&quot;:[{&quot;id&quot;:&quot;{ec8030f7-c20a-464f-9b0e-13a3a9e97384}&quot;,&quot;minVersion&quot;:&quot;54.0.1&quot;,&quot;maxVersion&quot;:&quot;54.0.1&quot;}],&quot;targetPlatforms&quot;:[],&quot;seen&quot;:true,&quot;dependencies&quot;:[],&quot;hasEmbeddedWebExtension&quot;:false,&quot;userPermissions&quot;:null}
1503314554222	addons.xpi	DEBUG	getModTime: Recursive scan of {972ce4c6-7e08-4474-a285-3208198ce6fd}
1503314554230	DeferredSave.extensions.json	DEBUG	Save changes
1503314554230	addons.xpi	DEBUG	Updating database with changes to installed add-ons
1503314554230	addons.xpi-utils	DEBUG	Updating add-on states
1503314554235	addons.xpi-utils	DEBUG	Writing add-ons list
1503314554246	addons.xpi	DEBUG	Registering manifest for C:\Program Files (x86)\Mozilla Firefox\browser\features\aushelper@mozilla.org.xpi
1503314554248	addons.xpi	DEBUG	Calling bootstrap method startup on aushelper@mozilla.org version 2.0
1503314554252	addons.xpi	DEBUG	Registering manifest for C:\Program Files (x86)\Mozilla Firefox\browser\features\e10srollout@mozilla.org.xpi
1503314554255	addons.xpi	DEBUG	Calling bootstrap method startup on e10srollout@mozilla.org version 1.50
1503314554256	addons.xpi	DEBUG	Registering manifest for C:\Program Files (x86)\Mozilla Firefox\browser\features\firefox@getpocket.com.xpi
1503314554259	addons.xpi	DEBUG	Calling bootstrap method startup on firefox@getpocket.com version 1.0.5
1503314554262	addons.xpi	DEBUG	Registering manifest for C:\Program Files (x86)\Mozilla Firefox\browser\features\screenshots@mozilla.org.xpi
1503314554264	addons.xpi	DEBUG	Calling bootstrap method startup on screenshots@mozilla.org version 6.6.0
1503314554265	addons.xpi	DEBUG	Registering manifest for C:\Program Files (x86)\Mozilla Firefox\browser\features\webcompat@mozilla.org.xpi
1503314554267	addons.xpi	DEBUG	Calling bootstrap method startup on webcompat@mozilla.org version 1.1
1503314554282	addons.manager	DEBUG	Registering shutdown blocker for XPIProvider
1503314554283	addons.manager	DEBUG	Provider finished startup: XPIProvider
1503314554283	addons.manager	DEBUG	Starting provider: LightweightThemeManager
1503314554284	addons.manager	DEBUG	Registering shutdown blocker for LightweightThemeManager
1503314554284	addons.manager	DEBUG	Provider finished startup: LightweightThemeManager
1503314554286	addons.manager	DEBUG	Starting provider: GMPProvider
1503314554306	addons.manager	DEBUG	Registering shutdown blocker for GMPProvider
1503314554307	addons.manager	DEBUG	Provider finished startup: GMPProvider
1503314554307	addons.manager	DEBUG	Starting provider: PluginProvider
1503314554308	addons.manager	DEBUG	Registering shutdown blocker for PluginProvider
1503314554309	addons.manager	DEBUG	Provider finished startup: PluginProvider
1503314554311	addons.manager	DEBUG	Completed startup sequence
1503314558042	addons.manager	DEBUG	Starting provider: &lt;unnamed-provider&gt;
1503314558044	addons.manager	DEBUG	Registering shutdown blocker for &lt;unnamed-provider&gt;
1503314558045	addons.manager	DEBUG	Provider finished startup: &lt;unnamed-provider&gt;
1503314559719	DeferredSave.extensions.json	DEBUG	Write succeeded
1503314559720	addons.xpi-utils	DEBUG	XPI Database saved, setting schema version preference to 19
1503314559720	DeferredSave.extensions.json	DEBUG	Starting timer
1503314559750	DeferredSave.extensions.json	DEBUG	Starting write
1503314559768	addons.repository	DEBUG	No addons.json found.
1503314559769	DeferredSave.addons.json	DEBUG	Save changes
1503314559868	DeferredSave.addons.json	DEBUG	Starting timer
1503314560595	addons.manager	DEBUG	Starting provider: PreviousExperimentProvider
1503314560595	addons.manager	DEBUG	Registering shutdown blocker for PreviousExperimentProvider
1503314560596	addons.manager	DEBUG	Provider finished startup: PreviousExperimentProvider
1503314560602	DeferredSave.addons.json	DEBUG	Starting write
1503314560639	DeferredSave.extensions.json	DEBUG	Write succeeded
1503314560776	DeferredSave.addons.json	DEBUG	Write succeeded

Build info: version: &#039;2.53.0&#039;, revision: &#039;35ae25b&#039;, time: &#039;2016-03-15 17:00:58&#039;
System info: host: &#039;RAJESH-PC&#039;, ip: &#039;192.168.2.41&#039;, os.name: &#039;Windows 10&#039;, os.arch: &#039;amd64&#039;, os.version: &#039;10.0&#039;, java.version: &#039;1.8.0_92&#039;
Driver info: driver.version: FirefoxDriver">
      <![CDATA[org.openqa.selenium.WebDriverException: Failed to connect to binary FirefoxBinary(C:\Program Files (x86)\Mozilla Firefox\firefox.exe) on port 7055; process output follows: 
innable":true,"size":8207,"sourceURI":null,"releaseNotesURI":null,"softDisabled":false,"foreignInstall":false,"hasBinaryComponents":false,"strictCompatibility":true,"locales":[],"targetApplications":[{"id":"{ec8030f7-c20a-464f-9b0e-13a3a9e97384}","minVersion":"54.0.1","maxVersion":"54.0.1"}],"targetPlatforms":[],"seen":true,"dependencies":[],"hasEmbeddedWebExtension":false,"userPermissions":null}
1503314554222	addons.xpi	DEBUG	getModTime: Recursive scan of {972ce4c6-7e08-4474-a285-3208198ce6fd}
1503314554230	DeferredSave.extensions.json	DEBUG	Save changes
1503314554230	addons.xpi	DEBUG	Updating database with changes to installed add-ons
1503314554230	addons.xpi-utils	DEBUG	Updating add-on states
1503314554235	addons.xpi-utils	DEBUG	Writing add-ons list
1503314554246	addons.xpi	DEBUG	Registering manifest for C:\Program Files (x86)\Mozilla Firefox\browser\features\aushelper@mozilla.org.xpi
1503314554248	addons.xpi	DEBUG	Calling bootstrap method startup on aushelper@mozilla.org version 2.0
1503314554252	addons.xpi	DEBUG	Registering manifest for C:\Program Files (x86)\Mozilla Firefox\browser\features\e10srollout@mozilla.org.xpi
1503314554255	addons.xpi	DEBUG	Calling bootstrap method startup on e10srollout@mozilla.org version 1.50
1503314554256	addons.xpi	DEBUG	Registering manifest for C:\Program Files (x86)\Mozilla Firefox\browser\features\firefox@getpocket.com.xpi
1503314554259	addons.xpi	DEBUG	Calling bootstrap method startup on firefox@getpocket.com version 1.0.5
1503314554262	addons.xpi	DEBUG	Registering manifest for C:\Program Files (x86)\Mozilla Firefox\browser\features\screenshots@mozilla.org.xpi
1503314554264	addons.xpi	DEBUG	Calling bootstrap method startup on screenshots@mozilla.org version 6.6.0
1503314554265	addons.xpi	DEBUG	Registering manifest for C:\Program Files (x86)\Mozilla Firefox\browser\features\webcompat@mozilla.org.xpi
1503314554267	addons.xpi	DEBUG	Calling bootstrap method startup on webcompat@mozilla.org version 1.1
1503314554282	addons.manager	DEBUG	Registering shutdown blocker for XPIProvider
1503314554283	addons.manager	DEBUG	Provider finished startup: XPIProvider
1503314554283	addons.manager	DEBUG	Starting provider: LightweightThemeManager
1503314554284	addons.manager	DEBUG	Registering shutdown blocker for LightweightThemeManager
1503314554284	addons.manager	DEBUG	Provider finished startup: LightweightThemeManager
1503314554286	addons.manager	DEBUG	Starting provider: GMPProvider
1503314554306	addons.manager	DEBUG	Registering shutdown blocker for GMPProvider
1503314554307	addons.manager	DEBUG	Provider finished startup: GMPProvider
1503314554307	addons.manager	DEBUG	Starting provider: PluginProvider
1503314554308	addons.manager	DEBUG	Registering shutdown blocker for PluginProvider
1503314554309	addons.manager	DEBUG	Provider finished startup: PluginProvider
1503314554311	addons.manager	DEBUG	Completed startup sequence
1503314558042	addons.manager	DEBUG	Starting provider: <unnamed-provider>
1503314558044	addons.manager	DEBUG	Registering shutdown blocker for <unnamed-provider>
1503314558045	addons.manager	DEBUG	Provider finished startup: <unnamed-provider>
1503314559719	DeferredSave.extensions.json	DEBUG	Write succeeded
1503314559720	addons.xpi-utils	DEBUG	XPI Database saved, setting schema version preference to 19
1503314559720	DeferredSave.extensions.json	DEBUG	Starting timer
1503314559750	DeferredSave.extensions.json	DEBUG	Starting write
1503314559768	addons.repository	DEBUG	No addons.json found.
1503314559769	DeferredSave.addons.json	DEBUG	Save changes
1503314559868	DeferredSave.addons.json	DEBUG	Starting timer
1503314560595	addons.manager	DEBUG	Starting provider: PreviousExperimentProvider
1503314560595	addons.manager	DEBUG	Registering shutdown blocker for PreviousExperimentProvider
1503314560596	addons.manager	DEBUG	Provider finished startup: PreviousExperimentProvider
1503314560602	DeferredSave.addons.json	DEBUG	Starting write
1503314560639	DeferredSave.extensions.json	DEBUG	Write succeeded
1503314560776	DeferredSave.addons.json	DEBUG	Write succeeded

Build info: version: '2.53.0', revision: '35ae25b', time: '2016-03-15 17:00:58'
System info: host: 'RAJESH-PC', ip: '192.168.2.41', os.name: 'Windows 10', os.arch: 'amd64', os.version: '10.0', java.version: '1.8.0_92'
Driver info: driver.version: FirefoxDriver
	at org.openqa.selenium.firefox.internal.NewProfileExtensionConnection.start(NewProfileExtensionConnection.java:124)
	at org.openqa.selenium.firefox.FirefoxDriver.startClient(FirefoxDriver.java:271)
	at org.openqa.selenium.remote.RemoteWebDriver.<init>(RemoteWebDriver.java:119)
	at org.openqa.selenium.firefox.FirefoxDriver.<init>(FirefoxDriver.java:218)
	at org.openqa.selenium.firefox.FirefoxDriver.<init>(FirefoxDriver.java:211)
	at org.openqa.selenium.firefox.FirefoxDriver.<init>(FirefoxDriver.java:207)
	at org.openqa.selenium.firefox.FirefoxDriver.<init>(FirefoxDriver.java:120)
	at SampleWeb.SampleWeb.IndusOS.SetProperty(IndusOS.java:23)
	at sun.reflect.NativeMethodAccessorImpl.invoke0(Native Method)
	at sun.reflect.NativeMethodAccessorImpl.invoke(Unknown Source)
	at sun.reflect.DelegatingMethodAccessorImpl.invoke(Unknown Source)
	at java.lang.reflect.Method.invoke(Unknown Source)
	at org.testng.internal.MethodInvocationHelper.invokeMethod(MethodInvocationHelper.java:86)
	at org.testng.internal.Invoker.invokeConfigurationMethod(Invoker.java:515)
	at org.testng.internal.Invoker.invokeConfigurations(Invoker.java:216)
	at org.testng.internal.Invoker.invokeConfigurations(Invoker.java:143)
	at org.testng.TestRunner.beforeRun(TestRunner.java:656)
	at org.testng.TestRunner.run(TestRunner.java:624)
	at org.testng.SuiteRunner.runTest(SuiteRunner.java:366)
	at org.testng.SuiteRunner.runSequentially(SuiteRunner.java:361)
	at org.testng.SuiteRunner.privateRun(SuiteRunner.java:319)
	at org.testng.SuiteRunner.run(SuiteRunner.java:268)
	at org.testng.SuiteRunnerWorker.runSuite(SuiteRunnerWorker.java:52)
	at org.testng.SuiteRunnerWorker.run(SuiteRunnerWorker.java:86)
	at org.testng.TestNG.runSuitesSequentially(TestNG.java:1225)
	at org.testng.TestNG.runSuitesLocally(TestNG.java:1150)
	at org.testng.TestNG.runSuites(TestNG.java:1075)
	at org.testng.TestNG.run(TestNG.java:1047)
	at org.testng.remote.AbstractRemoteTestNG.run(AbstractRemoteTestNG.java:126)
	at org.testng.remote.RemoteTestNG.initAndRun(RemoteTestNG.java:137)
	at org.testng.remote.RemoteTestNG.main(RemoteTestNG.java:58)
Caused by: org.openqa.selenium.firefox.NotConnectedException: Unable to connect to host 127.0.0.1 on port 7055 after 45000 ms. Firefox console output:
innable":true,"size":8207,"sourceURI":null,"releaseNotesURI":null,"softDisabled":false,"foreignInstall":false,"hasBinaryComponents":false,"strictCompatibility":true,"locales":[],"targetApplications":[{"id":"{ec8030f7-c20a-464f-9b0e-13a3a9e97384}","minVersion":"54.0.1","maxVersion":"54.0.1"}],"targetPlatforms":[],"seen":true,"dependencies":[],"hasEmbeddedWebExtension":false,"userPermissions":null}
1503314554222	addons.xpi	DEBUG	getModTime: Recursive scan of {972ce4c6-7e08-4474-a285-3208198ce6fd}
1503314554230	DeferredSave.extensions.json	DEBUG	Save changes
1503314554230	addons.xpi	DEBUG	Updating database with changes to installed add-ons
1503314554230	addons.xpi-utils	DEBUG	Updating add-on states
1503314554235	addons.xpi-utils	DEBUG	Writing add-ons list
1503314554246	addons.xpi	DEBUG	Registering manifest for C:\Program Files (x86)\Mozilla Firefox\browser\features\aushelper@mozilla.org.xpi
1503314554248	addons.xpi	DEBUG	Calling bootstrap method startup on aushelper@mozilla.org version 2.0
1503314554252	addons.xpi	DEBUG	Registering manifest for C:\Program Files (x86)\Mozilla Firefox\browser\features\e10srollout@mozilla.org.xpi
1503314554255	addons.xpi	DEBUG	Calling bootstrap method startup on e10srollout@mozilla.org version 1.50
1503314554256	addons.xpi	DEBUG	Registering manifest for C:\Program Files (x86)\Mozilla Firefox\browser\features\firefox@getpocket.com.xpi
1503314554259	addons.xpi	DEBUG	Calling bootstrap method startup on firefox@getpocket.com version 1.0.5
1503314554262	addons.xpi	DEBUG	Registering manifest for C:\Program Files (x86)\Mozilla Firefox\browser\features\screenshots@mozilla.org.xpi
1503314554264	addons.xpi	DEBUG	Calling bootstrap method startup on screenshots@mozilla.org version 6.6.0
1503314554265	addons.xpi	DEBUG	Registering manifest for C:\Program Files (x86)\Mozilla Firefox\browser\features\webcompat@mozilla.org.xpi
1503314554267	addons.xpi	DEBUG	Calling bootstrap method startup on webcompat@mozilla.org version 1.1
1503314554282	addons.manager	DEBUG	Registering shutdown blocker for XPIProvider
1503314554283	addons.manager	DEBUG	Provider finished startup: XPIProvider
1503314554283	addons.manager	DEBUG	Starting provider: LightweightThemeManager
1503314554284	addons.manager	DEBUG	Registering shutdown blocker for LightweightThemeManager
1503314554284	addons.manager	DEBUG	Provider finished startup: LightweightThemeManager
1503314554286	addons.manager	DEBUG	Starting provider: GMPProvider
1503314554306	addons.manager	DEBUG	Registering shutdown blocker for GMPProvider
1503314554307	addons.manager	DEBUG	Provider finished startup: GMPProvider
1503314554307	addons.manager	DEBUG	Starting provider: PluginProvider
1503314554308	addons.manager	DEBUG	Registering shutdown blocker for PluginProvider
1503314554309	addons.manager	DEBUG	Provider finished startup: PluginProvider
1503314554311	addons.manager	DEBUG	Completed startup sequence
1503314558042	addons.manager	DEBUG	Starting provider: <unnamed-provider>
1503314558044	addons.manager	DEBUG	Registering shutdown blocker for <unnamed-provider>
1503314558045	addons.manager	DEBUG	Provider finished startup: <unnamed-provider>
1503314559719	DeferredSave.extensions.json	DEBUG	Write succeeded
1503314559720	addons.xpi-utils	DEBUG	XPI Database saved, setting schema version preference to 19
1503314559720	DeferredSave.extensions.json	DEBUG	Starting timer
1503314559750	DeferredSave.extensions.json	DEBUG	Starting write
1503314559768	addons.repository	DEBUG	No addons.json found.
1503314559769	DeferredSave.addons.json	DEBUG	Save changes
1503314559868	DeferredSave.addons.json	DEBUG	Starting timer
1503314560595	addons.manager	DEBUG	Starting provider: PreviousExperimentProvider
1503314560595	addons.manager	DEBUG	Registering shutdown blocker for PreviousExperimentProvider
1503314560596	addons.manager	DEBUG	Provider finished startup: PreviousExperimentProvider
1503314560602	DeferredSave.addons.json	DEBUG	Starting write
1503314560639	DeferredSave.extensions.json	DEBUG	Write succeeded
1503314560776	DeferredSave.addons.json	DEBUG	Write succeeded

	at org.openqa.selenium.firefox.internal.NewProfileExtensionConnection.start(NewProfileExtensionConnection.java:112)
	... 30 more
]]>
    </error>
  </testcase> <!-- TestAbout -->
</testsuite> <!-- SampleWeb.SampleWeb.IndusOS -->
