<?xml version="1.0" encoding="UTF-8"?>
<!-- Generated by org.testng.reporters.JUnitReportReporter -->
<testsuite hostname="RAJESH-PC" name="com.mofirs.testng.NewTest" tests="1" failures="0" timestamp="21 Aug 2017 11:24:01 GMT" time="0.018" errors="0">
  <testcase name="f" time="0.018" classname="com.mofirs.testng.NewTest"/>
</testsuite> <!-- com.mofirs.testng.NewTest -->
