<?xml version="1.0" encoding="UTF-8"?>
<!-- Generated by org.testng.reporters.JUnitReportReporter -->
<testsuite hostname="RAJESH-PC" name="com.qatools.com.Driver$QaToolsDriver" tests="1" failures="0" timestamp="25 Aug 2017 20:43:57 GMT" time="218.733" errors="0">
  <testcase name="BeforTest" time="218.733" classname="com.qatools.com.Driver$QaToolsDriver"/>
</testsuite> <!-- com.qatools.com.Driver$QaToolsDriver -->
