<?xml version="1.0" encoding="UTF-8"?>
<!-- Generated by org.testng.reporters.JUnitReportReporter -->
<testsuite hostname="RAJESH-PC" name="com.qatools.com.Driver" tests="1" failures="0" timestamp="26 Aug 2017 08:45:52 GMT" time="15.844" errors="0">
  <testcase name="SetURL" time="15.844" classname="com.qatools.com.Driver"/>
</testsuite> <!-- com.qatools.com.Driver -->
