<?xml version="1.0" encoding="UTF-8"?>
<!-- Generated by org.testng.reporters.JUnitReportReporter -->
<testsuite hostname="RAJESH-PC" name="com.qatools.com.QAServent" tests="1" failures="0" timestamp="25 Aug 2017 14:34:51 GMT" time="1.463" errors="0">
  <testcase name="Entername" time="1.463" classname="com.qatools.com.QAServent"/>
</testsuite> <!-- com.qatools.com.QAServent -->
