<?xml version="1.0" encoding="UTF-8"?>
<!-- Generated by org.testng.reporters.JUnitReportReporter -->
<testsuite hostname="RAJESH-PC" name="com.qatools.com.Entername" tests="2" failures="0" timestamp="29 Aug 2017 06:28:47 GMT" time="0.711" errors="0">
  <testcase name="Enterlname" time="0.252" classname="com.qatools.com.Entername"/>
  <testcase name="Enterfname" time="0.459" classname="com.qatools.com.Entername"/>
</testsuite> <!-- com.qatools.com.Entername -->
